0 info it worked if it ends with ok
1 verbose cli [ '/usr/local/bin/node',
1 verbose cli   '/usr/local/bin/npm',
1 verbose cli   'install',
1 verbose cli   '-g',
1 verbose cli   'ios-deploy' ]
2 info using npm@2.14.12
3 info using node@v4.2.4
4 verbose install initial load of /usr/local/lib/package.json
5 verbose readDependencies loading dependencies from /usr/local/lib/package.json
6 silly cache add args [ 'ios-deploy', null ]
7 verbose cache add spec ios-deploy
8 silly cache add parsed spec Result {
8 silly cache add   raw: 'ios-deploy',
8 silly cache add   scope: null,
8 silly cache add   name: 'ios-deploy',
8 silly cache add   rawSpec: '',
8 silly cache add   spec: 'latest',
8 silly cache add   type: 'tag' }
9 silly addNamed ios-deploy@latest
10 verbose addNamed "latest" is being treated as a dist-tag for ios-deploy
11 info addNameTag [ 'ios-deploy', 'latest' ]
12 silly mapToRegistry name ios-deploy
13 silly mapToRegistry using default registry
14 silly mapToRegistry registry https://registry.npmjs.org/
15 silly mapToRegistry uri https://registry.npmjs.org/ios-deploy
16 verbose addNameTag registry:https://registry.npmjs.org/ios-deploy not in flight; fetching
17 verbose get https://registry.npmjs.org/ios-deploy not expired, no request
18 silly addNameTag next cb for ios-deploy with tag latest
19 silly addNamed ios-deploy@1.8.5
20 verbose addNamed "1.8.5" is a plain semver version for ios-deploy
21 silly cache afterAdd ios-deploy@1.8.5
22 verbose afterAdd /Users/samschickler/.npm/ios-deploy/1.8.5/package/package.json not in flight; writing
23 verbose afterAdd /Users/samschickler/.npm/ios-deploy/1.8.5/package/package.json written
24 silly install resolved [ { name: 'ios-deploy',
24 silly install resolved     version: '1.8.5',
24 silly install resolved     os: [ 'darwin' ],
24 silly install resolved     description: 'launch iOS apps iOS devices from the command line (Xcode 7)',
24 silly install resolved     main: 'ios-deploy',
24 silly install resolved     scripts:
24 silly install resolved      { preinstall: './src/scripts/check_reqs.js && xcodebuild',
24 silly install resolved        test: 'npm run pycompile && npm run jshint && xcodebuild -target ios-deploy-lib && xcodebuild test -scheme ios-deploy-tests',
24 silly install resolved        jshint: 'node node_modules/jshint/bin/jshint src/scripts/*.js',
24 silly install resolved        pycompile: 'python -m py_compile src/scripts/*.py' },
24 silly install resolved     bin: { 'ios-deploy': './build/Release/ios-deploy' },
24 silly install resolved     repository:
24 silly install resolved      { type: 'git',
24 silly install resolved        url: 'git+https://github.com/phonegap/ios-deploy.git' },
24 silly install resolved     devDependencies: { jshint: '2.5.8' },
24 silly install resolved     keywords: [ 'ios-deploy', 'deploy to iOS device' ],
24 silly install resolved     bugs: { url: 'https://github.com/phonegap/ios-deploy/issues' },
24 silly install resolved     author: { name: 'Greg Hughes' },
24 silly install resolved     license: 'GPLv3',
24 silly install resolved     gitHead: 'c4cd7b4a555723731a8912ec02f4adeb0af6ded2',
24 silly install resolved     homepage: 'https://github.com/phonegap/ios-deploy#readme',
24 silly install resolved     _id: 'ios-deploy@1.8.5',
24 silly install resolved     _shasum: '0b68ea29bf23a53981c7d09238cf12ca74aa1dba',
24 silly install resolved     _from: 'ios-deploy@latest',
24 silly install resolved     _npmVersion: '2.11.3',
24 silly install resolved     _nodeVersion: '0.12.7',
24 silly install resolved     _npmUser: { name: 'shazron', email: 'shazron@gmail.com' },
24 silly install resolved     dist:
24 silly install resolved      { shasum: '0b68ea29bf23a53981c7d09238cf12ca74aa1dba',
24 silly install resolved        tarball: 'https://registry.npmjs.org/ios-deploy/-/ios-deploy-1.8.5.tgz' },
24 silly install resolved     maintainers: [ [Object], [Object], [Object] ],
24 silly install resolved     _npmOperationalInternal:
24 silly install resolved      { host: 'packages-6-west.internal.npmjs.com',
24 silly install resolved        tmp: 'tmp/ios-deploy-1.8.5.tgz_1454607982930_0.32560620410367846' },
24 silly install resolved     directories: {},
24 silly install resolved     _resolved: 'https://registry.npmjs.org/ios-deploy/-/ios-deploy-1.8.5.tgz',
24 silly install resolved     readme: 'ERROR: No README data found!' } ]
25 info install ios-deploy@1.8.5 into /usr/local/lib
26 info installOne ios-deploy@1.8.5
27 verbose installOne of ios-deploy to /usr/local/lib not in flight; installing
28 verbose lock using /Users/samschickler/.npm/_locks/ios-deploy-198957223cd98201.lock for /usr/local/lib/node_modules/ios-deploy
29 silly install write writing ios-deploy 1.8.5 to /usr/local/lib/node_modules/ios-deploy
30 verbose unbuild lib/node_modules/ios-deploy
31 silly gentlyRm /usr/local/lib/node_modules/ios-deploy is being purged from base /usr/local
32 verbose gentlyRm don't care about contents; nuking /usr/local/lib/node_modules/ios-deploy
33 verbose tar unpack /Users/samschickler/.npm/ios-deploy/1.8.5/package.tgz
34 verbose tar unpacking to /usr/local/lib/node_modules/ios-deploy
35 silly gentlyRm /usr/local/lib/node_modules/ios-deploy is being purged
36 verbose gentlyRm don't care about contents; nuking /usr/local/lib/node_modules/ios-deploy
37 silly gunzTarPerm modes [ '755', '644' ]
38 silly gunzTarPerm extractEntry package.json
39 silly gunzTarPerm extractEntry .npmignore
40 silly gunzTarPerm extractEntry README.md
41 silly gunzTarPerm extractEntry LICENSE
42 silly gunzTarPerm extractEntry CONTRIBUTING.md
43 silly gunzTarPerm extractEntry demo/.npmignore
44 silly gunzTarPerm extractEntry demo/Entitlements.plist
45 silly gunzTarPerm extractEntry demo/Info.plist
46 silly gunzTarPerm extractEntry demo/Makefile
47 silly gunzTarPerm extractEntry demo/ResourceRules.plist
48 silly gunzTarPerm extractEntry demo/demo.c
49 silly gunzTarPerm extractEntry ios-deploy.xcodeproj/project.pbxproj
50 silly gunzTarPerm extractEntry ios-deploy.xcodeproj/xcshareddata/xcschemes/ios-deploy-tests.xcscheme
51 silly gunzTarPerm extractEntry src/ios-deploy/MobileDevice.h
52 silly gunzTarPerm extractEntry src/ios-deploy/errors.h
53 silly gunzTarPerm extractEntry src/ios-deploy/ios-deploy.m
54 silly gunzTarPerm extractEntry src/ios-deploy/lldb.py.h
55 silly gunzTarPerm extractEntry src/ios-deploy/version.h
56 silly gunzTarPerm extractEntry src/ios-deploy-lib/libios_deploy.h
57 silly gunzTarPerm extractEntry src/ios-deploy-lib/libios_deploy.m
58 silly gunzTarPerm extractEntry src/ios-deploy-tests/Info.plist
59 silly gunzTarPerm extractEntry src/ios-deploy-tests/ios_deploy_tests.m
60 silly gunzTarPerm extractEntry src/scripts/check_reqs.js
61 silly gunzTarPerm extractEntry src/scripts/lldb.py
62 silly gunzTarPerm extractEntry src/scripts/lldb.pyc
63 verbose write writing to /usr/local/lib/node_modules/ios-deploy/package.json
64 info preinstall ios-deploy@1.8.5
65 verbose unsafe-perm in lifecycle false
66 info ios-deploy@1.8.5 Failed to exec preinstall script
67 verbose unlock done using /Users/samschickler/.npm/_locks/ios-deploy-198957223cd98201.lock for /usr/local/lib/node_modules/ios-deploy
68 verbose stack Error: ios-deploy@1.8.5 preinstall: `./src/scripts/check_reqs.js && xcodebuild`
68 verbose stack Exit status 134
68 verbose stack     at EventEmitter.<anonymous> (/usr/local/lib/node_modules/npm/lib/utils/lifecycle.js:214:16)
68 verbose stack     at emitTwo (events.js:87:13)
68 verbose stack     at EventEmitter.emit (events.js:172:7)
68 verbose stack     at ChildProcess.<anonymous> (/usr/local/lib/node_modules/npm/lib/utils/spawn.js:24:14)
68 verbose stack     at emitTwo (events.js:87:13)
68 verbose stack     at ChildProcess.emit (events.js:172:7)
68 verbose stack     at maybeClose (internal/child_process.js:818:16)
68 verbose stack     at Process.ChildProcess._handle.onexit (internal/child_process.js:211:5)
69 verbose pkgid ios-deploy@1.8.5
70 verbose cwd /Users/samschickler/Desktop/MobileQuill/QuillV2
71 error Darwin 15.4.0
72 error argv "/usr/local/bin/node" "/usr/local/bin/npm" "install" "-g" "ios-deploy"
73 error node v4.2.4
74 error npm  v2.14.12
75 error code ELIFECYCLE
76 error ios-deploy@1.8.5 preinstall: `./src/scripts/check_reqs.js && xcodebuild`
76 error Exit status 134
77 error Failed at the ios-deploy@1.8.5 preinstall script './src/scripts/check_reqs.js && xcodebuild'.
77 error This is most likely a problem with the ios-deploy package,
77 error not with npm itself.
77 error Tell the author that this fails on your system:
77 error     ./src/scripts/check_reqs.js && xcodebuild
77 error You can get their info via:
77 error     npm owner ls ios-deploy
77 error There is likely additional logging output above.
78 verbose exit [ 1, true ]
79 verbose unbuild lib/node_modules/ios-deploy
80 info preuninstall ios-deploy@1.8.5
81 info uninstall ios-deploy@1.8.5
82 verbose unbuild rmStuff ios-deploy@1.8.5 from /usr/local/lib/node_modules
83 silly gentlyRm /usr/local/bin/ios-deploy is being gently removed
84 silly gentlyRm verifying /usr/local is an npm working directory
85 silly gentlyRm containing path /usr/local is under npm's control, in /usr/local
86 silly gentlyRm deletion target /usr/local/bin/ios-deploy is under /usr/local
87 verbose gentlyRm vacuuming from /usr/local/bin/ios-deploy up to /usr/local
88 info postuninstall ios-deploy@1.8.5
89 silly gentlyRm /usr/local/lib/node_modules/ios-deploy is being purged from base /usr/local
90 verbose gentlyRm don't care about contents; nuking /usr/local/lib/node_modules/ios-deploy
91 silly vacuum-fs purging /usr/local/lib/node_modules/ios-deploy
92 silly vacuum-fs quitting because other entries in /usr/local/lib/node_modules
